android/build/outputs/logs/manifest-merger-debug-report.txt
-- Merging decision tree log ---
manifest
ADDED from Jump_Action_Game/android/AndroidManifest.xml:2:1-39:12
INJECTED from Jump_Action_Game/android/AndroidManifest.xml:2:1-39:12
INJECTED from Jump_Action_Game/android/AndroidManifest.xml:2:1-39:12
INJECTED from Jump_Action_Game/android/AndroidManifest.xml:2:1-39:12
MERGED from [com.google.android.gms:play-services:6.5.87] AndroidManifest.xml:16:1-26:12
MERGED from [com.android.support:support-v4:21.0.0] AndroidManifest.xml:14:4-17:12
INJECTED from Jump_Action_Game/android/AndroidManifest.xml:2:1-39:12
INJECTED from Jump_Action_Game/android/AndroidManifest.xml:2:1-39:12
INJECTED from Jump_Action_Game/android/AndroidManifest.xml:2:1-39:12
	package
		ADDED from Jump_Action_Game/android/AndroidManifest.xml:3:5-61
		INJECTED from Jump_Action_Game/android/AndroidManifest.xml
		INJECTED from Jump_Action_Game/android/AndroidManifest.xml
	android:versionName
		INJECTED from Jump_Action_Game/android/AndroidManifest.xml
		ADDED from Jump_Action_Game/android/AndroidManifest.xml:2:1-39:12
		INJECTED from Jump_Action_Game/android/AndroidManifest.xml
	android:versionCode
		INJECTED from Jump_Action_Game/android/AndroidManifest.xml
		ADDED from Jump_Action_Game/android/AndroidManifest.xml:2:1-39:12
		INJECTED from Jump_Action_Game/android/AndroidManifest.xml
	xmlns:android
		ADDED from Jump_Action_Game/android/AndroidManifest.xml:2:11-69
uses-sdk
ADDED from Jump_Action_Game/android/AndroidManifest.xml:7:5-73
INJECTED from Jump_Action_Game/android/AndroidManifest.xml:7:5-73
INJECTED from Jump_Action_Game/android/AndroidManifest.xml:7:5-73
MERGED from [com.google.android.gms:play-services:6.5.87] AndroidManifest.xml:18:5-42
MERGED from [com.google.android.gms:play-services:6.5.87] AndroidManifest.xml:18:5-42
MERGED from [com.android.support:support-v4:21.0.0] AndroidManifest.xml:15:5-42
MERGED from [com.android.support:support-v4:21.0.0] AndroidManifest.xml:15:5-42
INJECTED from Jump_Action_Game/android/AndroidManifest.xml:7:5-73
INJECTED from Jump_Action_Game/android/AndroidManifest.xml:7:5-73
	android:targetSdkVersion
		ADDED from Jump_Action_Game/android/AndroidManifest.xml:7:41-70
		INJECTED from Jump_Action_Game/android/AndroidManifest.xml
		INJECTED from Jump_Action_Game/android/AndroidManifest.xml
	android:minSdkVersion
		ADDED from Jump_Action_Game/android/AndroidManifest.xml:7:15-40
		INJECTED from Jump_Action_Game/android/AndroidManifest.xml
		INJECTED from Jump_Action_Game/android/AndroidManifest.xml
uses-permission#android.permission.INTERNET
ADDED from Jump_Action_Game/android/AndroidManifest.xml:10:5-66
	android:name
		ADDED from Jump_Action_Game/android/AndroidManifest.xml:10:22-64
uses-permission#android.permission.ACCESS_NETWORK_STATE
ADDED from Jump_Action_Game/android/AndroidManifest.xml:11:5-78
	android:name
		ADDED from Jump_Action_Game/android/AndroidManifest.xml:11:22-76
application
ADDED from Jump_Action_Game/android/AndroidManifest.xml:13:5-37:19
MERGED from [com.google.android.gms:play-services:6.5.87] AndroidManifest.xml:20:5-24:19
MERGED from [com.google.android.gms:play-services:6.5.87] AndroidManifest.xml:20:5-24:19
MERGED from [com.android.support:support-v4:21.0.0] AndroidManifest.xml:16:5-19
MERGED from [com.android.support:support-v4:21.0.0] AndroidManifest.xml:16:5-19
	android:label
		ADDED from Jump_Action_Game/android/AndroidManifest.xml:16:9-41
	android:icon
		ADDED from Jump_Action_Game/android/AndroidManifest.xml:15:9-45
	android:allowBackup
		ADDED from Jump_Action_Game/android/AndroidManifest.xml:14:9-35
	android:theme
		ADDED from Jump_Action_Game/android/AndroidManifest.xml:17:9-40
meta-data#com.google.android.gms.version
ADDED from Jump_Action_Game/android/AndroidManifest.xml:20:9-21:69
MERGED from [com.google.android.gms:play-services:6.5.87] AndroidManifest.xml:21:9-23:69
MERGED from [com.google.android.gms:play-services:6.5.87] AndroidManifest.xml:21:9-23:69
	android:value
		ADDED from Jump_Action_Game/android/AndroidManifest.xml:21:13-66
	android:name
		ADDED from Jump_Action_Game/android/AndroidManifest.xml:20:20-65
activity#jp.techacademy.kosuke.kinoshita.jumpactiongame.AndroidLauncher
ADDED from Jump_Action_Game/android/AndroidManifest.xml:22:9-31:20
	android:screenOrientation
		ADDED from Jump_Action_Game/android/AndroidManifest.xml:25:13-49
	android:label
		ADDED from Jump_Action_Game/android/AndroidManifest.xml:24:13-45
	android:configChanges
		ADDED from Jump_Action_Game/android/AndroidManifest.xml:26:13-94
	android:name
		ADDED from Jump_Action_Game/android/AndroidManifest.xml:23:13-90
intent-filter#action:name:android.intent.action.MAIN+category:name:android.intent.category.LAUNCHER
ADDED from Jump_Action_Game/android/AndroidManifest.xml:27:13-30:29
action#android.intent.action.MAIN
ADDED from Jump_Action_Game/android/AndroidManifest.xml:28:17-69
	android:name
		ADDED from Jump_Action_Game/android/AndroidManifest.xml:28:25-66
category#android.intent.category.LAUNCHER
ADDED from Jump_Action_Game/android/AndroidManifest.xml:29:17-77
	android:name
		ADDED from Jump_Action_Game/android/AndroidManifest.xml:29:27-74
activity#com.google.android.gms.ads.AdActivity
ADDED from Jump_Action_Game/android/AndroidManifest.xml:34:9-36:64
	android:configChanges
		ADDED from Jump_Action_Game/android/AndroidManifest.xml:35:13-122
	android:theme
		ADDED from Jump_Action_Game/android/AndroidManifest.xml:36:13-61
	android:name
		ADDED from Jump_Action_Game/android/AndroidManifest.xml:34:19-71